[debug] [2022-12-25T07:15:11.586Z] ----------------------------------------------------------------------
[debug] [2022-12-25T07:15:11.587Z] Command:       C:\Program Files\nodejs\node.exe C:\Program Files\nodejs\node_modules\firebase-tools\lib\bin\firebase.js init
[debug] [2022-12-25T07:15:11.588Z] CLI Version:   11.19.0
[debug] [2022-12-25T07:15:11.588Z] Platform:      win32
[debug] [2022-12-25T07:15:11.588Z] Node Version:  v17.0.0
[debug] [2022-12-25T07:15:11.591Z] Time:          Sun Dec 25 2022 12:45:11 GMT+0530 (India Standard Time)
[debug] [2022-12-25T07:15:11.591Z] ----------------------------------------------------------------------
[debug] 
[debug] [2022-12-25T07:15:11.669Z] > command requires scopes: ["email","openid","https://www.googleapis.com/auth/cloudplatformprojects.readonly","https://www.googleapis.com/auth/firebase","https://www.googleapis.com/auth/cloud-platform"]
[debug] [2022-12-25T07:15:11.670Z] > authorizing via signed-in user (rahulcivil777@gmail.com)
[info] 
     ######## #### ########  ######## ########     ###     ######  ########
     ##        ##  ##     ## ##       ##     ##  ##   ##  ##       ##
     ######    ##  ########  ######   ########  #########  ######  ######
     ##        ##  ##    ##  ##       ##     ## ##     ##       ## ##
     ##       #### ##     ## ######## ########  ##     ##  ######  ########

You're about to initialize a Firebase project in this directory:

  C:\Users\rahul\linkedin

Before we get started, keep in mind:

  * You are initializing within an existing Firebase project directory

